<?xml version="1.0" encoding="UTF-8"?>
<coverage generated="1723325061192" clover="3.2.0">
  <project timestamp="1723325061192" name="All files">
    <metrics statements="51" coveredstatements="47" conditionals="28" coveredconditionals="22" methods="22" coveredmethods="21" elements="101" coveredelements="90" complexity="0" loc="51" ncloc="51" packages="2" files="4" classes="4"/>
    <package name="modules">
      <metrics statements="20" coveredstatements="19" conditionals="5" coveredconditionals="3" methods="6" coveredmethods="6"/>
      <file name="Auction.ts" path="C:\Luis Fernando\PROGRAMAÇÃO\Faculdade\FaculTesteSoftware\modules\Auction.ts">
        <metrics statements="12" coveredstatements="11" conditionals="3" coveredconditionals="1" methods="4" coveredmethods="4"/>
        <line num="12" count="1" type="stmt"/>
        <line num="27" count="11" type="stmt"/>
        <line num="28" count="11" type="stmt"/>
        <line num="29" count="11" type="stmt"/>
        <line num="30" count="11" type="stmt"/>
        <line num="31" count="11" type="stmt"/>
        <line num="32" count="11" type="stmt"/>
        <line num="36" count="2" type="stmt"/>
        <line num="47" count="2" type="cond" truecount="0" falsecount="1"/>
        <line num="48" count="0" type="stmt"/>
        <line num="50" count="2" type="stmt"/>
        <line num="51" count="1" type="cond" truecount="1" falsecount="1"/>
      </file>
      <file name="AuctionStatus.ts" path="C:\Luis Fernando\PROGRAMAÇÃO\Faculdade\FaculTesteSoftware\modules\AuctionStatus.ts">
        <metrics statements="5" coveredstatements="5" conditionals="2" coveredconditionals="2" methods="1" coveredmethods="1"/>
        <line num="1" count="1" type="cond" truecount="2" falsecount="0"/>
        <line num="2" count="1" type="stmt"/>
        <line num="3" count="1" type="stmt"/>
        <line num="4" count="1" type="stmt"/>
        <line num="5" count="1" type="stmt"/>
      </file>
      <file name="Users.ts" path="C:\Luis Fernando\PROGRAMAÇÃO\Faculdade\FaculTesteSoftware\modules\Users.ts">
        <metrics statements="3" coveredstatements="3" conditionals="0" coveredconditionals="0" methods="1" coveredmethods="1"/>
        <line num="1" count="1" type="stmt"/>
        <line num="6" count="12" type="stmt"/>
        <line num="7" count="12" type="stmt"/>
      </file>
    </package>
    <package name="services">
      <metrics statements="31" coveredstatements="28" conditionals="23" coveredconditionals="19" methods="16" coveredmethods="15"/>
      <file name="AuctionService.ts" path="C:\Luis Fernando\PROGRAMAÇÃO\Faculdade\FaculTesteSoftware\services\AuctionService.ts">
        <metrics statements="31" coveredstatements="28" conditionals="23" coveredconditionals="19" methods="16" coveredmethods="15"/>
        <line num="2" count="1" type="stmt"/>
        <line num="5" count="1" type="stmt"/>
        <line num="10" count="12" type="stmt"/>
        <line num="11" count="12" type="stmt"/>
        <line num="16" count="12" type="stmt"/>
        <line num="21" count="11" type="stmt"/>
        <line num="26" count="14" type="stmt"/>
        <line num="27" count="15" type="stmt"/>
        <line num="29" count="14" type="cond" truecount="1" falsecount="0"/>
        <line num="35" count="4" type="stmt"/>
        <line num="39" count="10" type="cond" truecount="2" falsecount="0"/>
        <line num="42" count="10" type="stmt"/>
        <line num="44" count="10" type="cond" truecount="7" falsecount="0"/>
        <line num="45" count="2" type="stmt"/>
        <line num="48" count="8" type="stmt"/>
        <line num="49" count="8" type="stmt"/>
        <line num="54" count="4" type="stmt"/>
        <line num="55" count="4" type="cond" truecount="3" falsecount="0"/>
        <line num="56" count="2" type="stmt"/>
        <line num="58" count="2" type="stmt"/>
        <line num="63" count="1" type="stmt"/>
        <line num="64" count="1" type="cond" truecount="2" falsecount="1"/>
        <line num="65" count="0" type="stmt"/>
        <line num="67" count="1" type="stmt"/>
        <line num="68" count="0" type="cond" truecount="0" falsecount="2"/>
        <line num="74" count="1" type="stmt"/>
        <line num="75" count="1" type="stmt"/>
        <line num="77" count="1" type="cond" truecount="0" falsecount="1"/>
        <line num="78" count="0" type="stmt"/>
        <line num="80" count="2" type="stmt"/>
        <line num="84" count="2" type="stmt"/>
      </file>
    </package>
  </project>
</coverage>
