<?xml version="1.0" encoding="UTF-8"?>
<coverage generated="1723295880965" clover="3.2.0">
  <project timestamp="1723295880966" name="All files">
    <metrics statements="47" coveredstatements="41" conditionals="28" coveredconditionals="18" methods="19" coveredmethods="17" elements="94" coveredelements="76" complexity="0" loc="47" ncloc="47" packages="2" files="4" classes="4"/>
    <package name="modules">
      <metrics statements="18" coveredstatements="17" conditionals="5" coveredconditionals="2" methods="5" coveredmethods="4"/>
      <file name="Auction.ts" path="C:\Luis Fernando\PROGRAMAÇÃO\Faculdade\FaculTesteSoftware\modules\Auction.ts">
        <metrics statements="10" coveredstatements="9" conditionals="3" coveredconditionals="0" methods="3" coveredmethods="2"/>
        <line num="3" count="1" type="stmt"/>
        <line num="12" count="3" type="stmt"/>
        <line num="13" count="3" type="stmt"/>
        <line num="14" count="3" type="stmt"/>
        <line num="15" count="3" type="stmt"/>
        <line num="16" count="3" type="stmt"/>
        <line num="17" count="3" type="stmt"/>
        <line num="21" count="1" type="cond" truecount="0" falsecount="1"/>
        <line num="22" count="0" type="stmt"/>
        <line num="24" count="1" type="cond" truecount="0" falsecount="2"/>
      </file>
      <file name="AuctionStatus.ts" path="C:\Luis Fernando\PROGRAMAÇÃO\Faculdade\FaculTesteSoftware\modules\AuctionStatus.ts">
        <metrics statements="5" coveredstatements="5" conditionals="2" coveredconditionals="2" methods="1" coveredmethods="1"/>
        <line num="1" count="1" type="cond" truecount="2" falsecount="0"/>
        <line num="2" count="1" type="stmt"/>
        <line num="3" count="1" type="stmt"/>
        <line num="4" count="1" type="stmt"/>
        <line num="5" count="1" type="stmt"/>
      </file>
      <file name="Users.ts" path="C:\Luis Fernando\PROGRAMAÇÃO\Faculdade\FaculTesteSoftware\modules\Users.ts">
        <metrics statements="3" coveredstatements="3" conditionals="0" coveredconditionals="0" methods="1" coveredmethods="1"/>
        <line num="1" count="1" type="stmt"/>
        <line num="6" count="4" type="stmt"/>
        <line num="7" count="4" type="stmt"/>
      </file>
    </package>
    <package name="services">
      <metrics statements="29" coveredstatements="24" conditionals="23" coveredconditionals="16" methods="14" coveredmethods="13"/>
      <file name="AuctionService.ts" path="C:\Luis Fernando\PROGRAMAÇÃO\Faculdade\FaculTesteSoftware\services\AuctionService.ts">
        <metrics statements="29" coveredstatements="24" conditionals="23" coveredconditionals="16" methods="14" coveredmethods="13"/>
        <line num="2" count="1" type="stmt"/>
        <line num="5" count="1" type="stmt"/>
        <line num="10" count="3" type="stmt"/>
        <line num="11" count="3" type="stmt"/>
        <line num="16" count="4" type="stmt"/>
        <line num="21" count="3" type="stmt"/>
        <line num="26" count="5" type="stmt"/>
        <line num="27" count="6" type="stmt"/>
        <line num="29" count="5" type="cond" truecount="4" falsecount="1"/>
        <line num="30" count="0" type="stmt"/>
        <line num="33" count="5" type="cond" truecount="2" falsecount="0"/>
        <line num="34" count="5" type="stmt"/>
        <line num="36" count="5" type="cond" truecount="6" falsecount="1"/>
        <line num="37" count="0" type="stmt"/>
        <line num="40" count="5" type="stmt"/>
        <line num="41" count="5" type="stmt"/>
        <line num="46" count="1" type="stmt"/>
        <line num="47" count="1" type="cond" truecount="2" falsecount="1"/>
        <line num="48" count="0" type="stmt"/>
        <line num="50" count="1" type="stmt"/>
        <line num="55" count="1" type="stmt"/>
        <line num="56" count="1" type="cond" truecount="2" falsecount="1"/>
        <line num="57" count="0" type="stmt"/>
        <line num="59" count="1" type="cond" truecount="0" falsecount="2"/>
        <line num="64" count="1" type="stmt"/>
        <line num="65" count="1" type="stmt"/>
        <line num="67" count="1" type="cond" truecount="0" falsecount="1"/>
        <line num="68" count="0" type="stmt"/>
        <line num="70" count="2" type="stmt"/>
      </file>
    </package>
  </project>
</coverage>
