{"C:\\Luis Fernando\\PROGRAMAÇÃO\\Faculdade\\FaculTesteSoftware\\modules\\Auction.ts": {"path":"C:\\Luis Fernando\\PROGRAMAÇÃO\\Faculdade\\FaculTesteSoftware\\modules\\Auction.ts","statementMap":{"0":{"start":{"line":27,"column":4},"end":{"line":27,"column":17}},"1":{"start":{"line":28,"column":4},"end":{"line":28,"column":23}},"2":{"start":{"line":29,"column":4},"end":{"line":29,"column":25}},"3":{"start":{"line":30,"column":4},"end":{"line":30,"column":41}},"4":{"start":{"line":31,"column":4},"end":{"line":31,"column":33}},"5":{"start":{"line":32,"column":4},"end":{"line":32,"column":19}},"6":{"start":{"line":36,"column":4},"end":{"line":43,"column":6}},"7":{"start":{"line":47,"column":4},"end":{"line":49,"column":5}},"8":{"start":{"line":48,"column":6},"end":{"line":48,"column":13}},"9":{"start":{"line":50,"column":4},"end":{"line":50,"column":28}},"10":{"start":{"line":12,"column":0},"end":{"line":12,"column":13}}},"fnMap":{"0":{"name":"(anonymous_0)","decl":{"start":{"line":20,"column":2},"end":{"line":20,"column":null}},"loc":{"start":{"line":25,"column":22},"end":{"line":33,"column":3}}},"1":{"name":"(anonymous_1)","decl":{"start":{"line":35,"column":9},"end":{"line":35,"column":24}},"loc":{"start":{"line":35,"column":24},"end":{"line":44,"column":3}}},"2":{"name":"(anonymous_2)","decl":{"start":{"line":46,"column":9},"end":{"line":46,"column":22}},"loc":{"start":{"line":46,"column":22},"end":{"line":51,"column":3}}}},"branchMap":{"0":{"loc":{"start":{"line":47,"column":4},"end":{"line":49,"column":5}},"type":"if","locations":[{"start":{"line":47,"column":4},"end":{"line":49,"column":5}}]}},"s":{"0":14,"1":14,"2":14,"3":14,"4":14,"5":14,"6":2,"7":3,"8":1,"9":2,"10":1},"f":{"0":14,"1":2,"2":3},"b":{"0":[1]}}
,"C:\\Luis Fernando\\PROGRAMAÇÃO\\Faculdade\\FaculTesteSoftware\\modules\\AuctionStatus.ts": {"path":"C:\\Luis Fernando\\PROGRAMAÇÃO\\Faculdade\\FaculTesteSoftware\\modules\\AuctionStatus.ts","statementMap":{"0":{"start":{"line":1,"column":0},"end":{"line":1,"column":null}},"1":{"start":{"line":2,"column":4},"end":{"line":2,"column":null}},"2":{"start":{"line":3,"column":4},"end":{"line":3,"column":null}},"3":{"start":{"line":4,"column":4},"end":{"line":4,"column":null}},"4":{"start":{"line":5,"column":4},"end":{"line":5,"column":null}}},"fnMap":{"0":{"name":"(anonymous_0)","decl":{"start":{"line":1,"column":0},"end":{"line":1,"column":12}},"loc":{"start":{"line":1,"column":25},"end":{"line":6,"column":1}}}},"branchMap":{"0":{"loc":{"start":{"line":1,"column":12},"end":{"line":1,"column":null}},"type":"binary-expr","locations":[{"start":{"line":1,"column":12},"end":{"line":1,"column":25}},{"start":{"line":1,"column":25},"end":{"line":1,"column":null}}]}},"s":{"0":2,"1":2,"2":2,"3":2,"4":2},"f":{"0":2},"b":{"0":[2,2]}}
,"C:\\Luis Fernando\\PROGRAMAÇÃO\\Faculdade\\FaculTesteSoftware\\modules\\Users.ts": {"path":"C:\\Luis Fernando\\PROGRAMAÇÃO\\Faculdade\\FaculTesteSoftware\\modules\\Users.ts","statementMap":{"0":{"start":{"line":6,"column":8},"end":{"line":6,"column":21}},"1":{"start":{"line":7,"column":8},"end":{"line":7,"column":25}},"2":{"start":{"line":1,"column":0},"end":{"line":1,"column":13}}},"fnMap":{"0":{"name":"(anonymous_0)","decl":{"start":{"line":5,"column":4},"end":{"line":5,"column":16}},"loc":{"start":{"line":5,"column":40},"end":{"line":9,"column":5}}}},"branchMap":{},"s":{"0":14,"1":14,"2":1},"f":{"0":14},"b":{}}
,"C:\\Luis Fernando\\PROGRAMAÇÃO\\Faculdade\\FaculTesteSoftware\\services\\AuctionService.ts": {"path":"C:\\Luis Fernando\\PROGRAMAÇÃO\\Faculdade\\FaculTesteSoftware\\services\\AuctionService.ts","statementMap":{"0":{"start":{"line":2,"column":0},"end":{"line":2,"column":57}},"1":{"start":{"line":10,"column":4},"end":{"line":10,"column":23}},"2":{"start":{"line":11,"column":4},"end":{"line":11,"column":20}},"3":{"start":{"line":16,"column":4},"end":{"line":16,"column":26}},"4":{"start":{"line":21,"column":4},"end":{"line":21,"column":32}},"5":{"start":{"line":26,"column":20},"end":{"line":26,"column":77}},"6":{"start":{"line":26,"column":52},"end":{"line":26,"column":76}},"7":{"start":{"line":27,"column":19},"end":{"line":27,"column":66}},"8":{"start":{"line":27,"column":45},"end":{"line":27,"column":65}},"9":{"start":{"line":29,"column":4},"end":{"line":36,"column":5}},"10":{"start":{"line":35,"column":6},"end":{"line":35,"column":19}},"11":{"start":{"line":39,"column":6},"end":{"line":41,"column":28}},"12":{"start":{"line":43,"column":4},"end":{"line":45,"column":5}},"13":{"start":{"line":44,"column":6},"end":{"line":44,"column":19}},"14":{"start":{"line":47,"column":4},"end":{"line":47,"column":43}},"15":{"start":{"line":48,"column":4},"end":{"line":48,"column":16}},"16":{"start":{"line":53,"column":20},"end":{"line":53,"column":77}},"17":{"start":{"line":53,"column":52},"end":{"line":53,"column":76}},"18":{"start":{"line":54,"column":4},"end":{"line":56,"column":5}},"19":{"start":{"line":55,"column":6},"end":{"line":55,"column":13}},"20":{"start":{"line":57,"column":4},"end":{"line":57,"column":35}},"21":{"start":{"line":62,"column":20},"end":{"line":62,"column":77}},"22":{"start":{"line":62,"column":52},"end":{"line":62,"column":76}},"23":{"start":{"line":63,"column":4},"end":{"line":65,"column":5}},"24":{"start":{"line":64,"column":6},"end":{"line":64,"column":18}},"25":{"start":{"line":66,"column":4},"end":{"line":66,"column":null}},"26":{"start":{"line":71,"column":20},"end":{"line":71,"column":77}},"27":{"start":{"line":71,"column":52},"end":{"line":71,"column":76}},"28":{"start":{"line":73,"column":4},"end":{"line":75,"column":5}},"29":{"start":{"line":74,"column":6},"end":{"line":74,"column":13}},"30":{"start":{"line":76,"column":17},"end":{"line":76,"column":63}},"31":{"start":{"line":76,"column":45},"end":{"line":76,"column":62}},"32":{"start":{"line":77,"column":4},"end":{"line":77,"column":24}},"33":{"start":{"line":78,"column":4},"end":{"line":78,"column":null}},"34":{"start":{"line":82,"column":4},"end":{"line":82,"column":69}},"35":{"start":{"line":82,"column":42},"end":{"line":82,"column":67}},"36":{"start":{"line":86,"column":20},"end":{"line":86,"column":77}},"37":{"start":{"line":86,"column":52},"end":{"line":86,"column":76}},"38":{"start":{"line":88,"column":4},"end":{"line":93,"column":5}},"39":{"start":{"line":89,"column":6},"end":{"line":92,"column":8}},"40":{"start":{"line":95,"column":4},"end":{"line":95,"column":46}},"41":{"start":{"line":96,"column":17},"end":{"line":96,"column":29}},"42":{"start":{"line":97,"column":37},"end":{"line":97,"column":88}},"43":{"start":{"line":99,"column":4},"end":{"line":115,"column":5}},"44":{"start":{"line":100,"column":21},"end":{"line":100,"column":100}},"45":{"start":{"line":100,"column":47},"end":{"line":100,"column":75}},"46":{"start":{"line":101,"column":27},"end":{"line":101,"column":68}},"47":{"start":{"line":103,"column":6},"end":{"line":108,"column":8}},"48":{"start":{"line":110,"column":6},"end":{"line":114,"column":8}},"49":{"start":{"line":5,"column":0},"end":{"line":5,"column":13}}},"fnMap":{"0":{"name":"(anonymous_0)","decl":{"start":{"line":9,"column":2},"end":{"line":9,"column":null}},"loc":{"start":{"line":9,"column":2},"end":{"line":12,"column":3}}},"1":{"name":"(anonymous_1)","decl":{"start":{"line":15,"column":9},"end":{"line":15,"column":16}},"loc":{"start":{"line":15,"column":27},"end":{"line":17,"column":3}}},"2":{"name":"(anonymous_2)","decl":{"start":{"line":20,"column":9},"end":{"line":20,"column":19}},"loc":{"start":{"line":20,"column":36},"end":{"line":22,"column":3}}},"3":{"name":"(anonymous_3)","decl":{"start":{"line":25,"column":9},"end":{"line":25,"column":17}},"loc":{"start":{"line":25,"column":68},"end":{"line":49,"column":3}}},"4":{"name":"(anonymous_4)","decl":{"start":{"line":26,"column":39},"end":{"line":26,"column":40}},"loc":{"start":{"line":26,"column":52},"end":{"line":26,"column":76}}},"5":{"name":"(anonymous_5)","decl":{"start":{"line":27,"column":35},"end":{"line":27,"column":36}},"loc":{"start":{"line":27,"column":45},"end":{"line":27,"column":65}}},"6":{"name":"(anonymous_6)","decl":{"start":{"line":52,"column":9},"end":{"line":52,"column":32}},"loc":{"start":{"line":52,"column":50},"end":{"line":58,"column":3}}},"7":{"name":"(anonymous_7)","decl":{"start":{"line":53,"column":39},"end":{"line":53,"column":40}},"loc":{"start":{"line":53,"column":52},"end":{"line":53,"column":76}}},"8":{"name":"(anonymous_8)","decl":{"start":{"line":61,"column":9},"end":{"line":61,"column":31}},"loc":{"start":{"line":61,"column":49},"end":{"line":67,"column":3}}},"9":{"name":"(anonymous_9)","decl":{"start":{"line":62,"column":39},"end":{"line":62,"column":40}},"loc":{"start":{"line":62,"column":52},"end":{"line":62,"column":76}}},"10":{"name":"(anonymous_10)","decl":{"start":{"line":70,"column":9},"end":{"line":70,"column":26}},"loc":{"start":{"line":70,"column":44},"end":{"line":79,"column":3}}},"11":{"name":"(anonymous_11)","decl":{"start":{"line":71,"column":39},"end":{"line":71,"column":40}},"loc":{"start":{"line":71,"column":52},"end":{"line":71,"column":76}}},"12":{"name":"(anonymous_12)","decl":{"start":{"line":76,"column":35},"end":{"line":76,"column":36}},"loc":{"start":{"line":76,"column":45},"end":{"line":76,"column":62}}},"13":{"name":"(anonymous_13)","decl":{"start":{"line":81,"column":9},"end":{"line":81,"column":23}},"loc":{"start":{"line":81,"column":23},"end":{"line":83,"column":3}}},"14":{"name":"(anonymous_14)","decl":{"start":{"line":82,"column":29},"end":{"line":82,"column":30}},"loc":{"start":{"line":82,"column":42},"end":{"line":82,"column":67}}},"15":{"name":"(anonymous_15)","decl":{"start":{"line":85,"column":9},"end":{"line":85,"column":24}},"loc":{"start":{"line":85,"column":42},"end":{"line":116,"column":3}}},"16":{"name":"(anonymous_16)","decl":{"start":{"line":86,"column":39},"end":{"line":86,"column":40}},"loc":{"start":{"line":86,"column":52},"end":{"line":86,"column":76}}},"17":{"name":"(anonymous_17)","decl":{"start":{"line":100,"column":37},"end":{"line":100,"column":38}},"loc":{"start":{"line":100,"column":47},"end":{"line":100,"column":75}}}},"branchMap":{"0":{"loc":{"start":{"line":29,"column":4},"end":{"line":36,"column":5}},"type":"if","locations":[{"start":{"line":29,"column":4},"end":{"line":36,"column":5}}]},"1":{"loc":{"start":{"line":30,"column":6},"end":{"line":33,"column":32}},"type":"binary-expr","locations":[{"start":{"line":30,"column":6},"end":{"line":30,"column":14}},{"start":{"line":31,"column":6},"end":{"line":31,"column":13}},{"start":{"line":32,"column":6},"end":{"line":32,"column":45}},{"start":{"line":33,"column":6},"end":{"line":33,"column":32}}]},"2":{"loc":{"start":{"line":39,"column":6},"end":{"line":41,"column":28}},"type":"cond-expr","locations":[{"start":{"line":40,"column":10},"end":{"line":40,"column":53}},{"start":{"line":41,"column":10},"end":{"line":41,"column":28}}]},"3":{"loc":{"start":{"line":43,"column":4},"end":{"line":45,"column":5}},"type":"if","locations":[{"start":{"line":43,"column":4},"end":{"line":45,"column":5}}]},"4":{"loc":{"start":{"line":43,"column":8},"end":{"line":43,"column":70}},"type":"binary-expr","locations":[{"start":{"line":43,"column":8},"end":{"line":43,"column":24}},{"start":{"line":43,"column":28},"end":{"line":43,"column":70}}]},"5":{"loc":{"start":{"line":43,"column":28},"end":{"line":43,"column":57}},"type":"cond-expr","locations":[{"start":{"line":43,"column":47},"end":{"line":43,"column":49}},{"start":{"line":43,"column":47},"end":{"line":43,"column":57}}]},"6":{"loc":{"start":{"line":43,"column":28},"end":{"line":43,"column":49}},"type":"binary-expr","locations":[{"start":{"line":43,"column":28},"end":{"line":43,"column":49}},{"start":{"line":43,"column":47},"end":{"line":43,"column":49}}]},"7":{"loc":{"start":{"line":54,"column":4},"end":{"line":56,"column":5}},"type":"if","locations":[{"start":{"line":54,"column":4},"end":{"line":56,"column":5}}]},"8":{"loc":{"start":{"line":54,"column":8},"end":{"line":54,"column":45}},"type":"binary-expr","locations":[{"start":{"line":54,"column":8},"end":{"line":54,"column":16}},{"start":{"line":54,"column":20},"end":{"line":54,"column":45}}]},"9":{"loc":{"start":{"line":63,"column":4},"end":{"line":65,"column":5}},"type":"if","locations":[{"start":{"line":63,"column":4},"end":{"line":65,"column":5}}]},"10":{"loc":{"start":{"line":63,"column":8},"end":{"line":63,"column":45}},"type":"binary-expr","locations":[{"start":{"line":63,"column":8},"end":{"line":63,"column":16}},{"start":{"line":63,"column":20},"end":{"line":63,"column":45}}]},"11":{"loc":{"start":{"line":73,"column":4},"end":{"line":75,"column":5}},"type":"if","locations":[{"start":{"line":73,"column":4},"end":{"line":75,"column":5}}]},"12":{"loc":{"start":{"line":88,"column":4},"end":{"line":93,"column":5}},"type":"if","locations":[{"start":{"line":88,"column":4},"end":{"line":93,"column":5}}]},"13":{"loc":{"start":{"line":88,"column":8},"end":{"line":88,"column":59}},"type":"binary-expr","locations":[{"start":{"line":88,"column":8},"end":{"line":88,"column":16}},{"start":{"line":88,"column":20},"end":{"line":88,"column":59}}]},"14":{"loc":{"start":{"line":97,"column":37},"end":{"line":97,"column":88}},"type":"cond-expr","locations":[{"start":{"line":97,"column":55},"end":{"line":97,"column":76}},{"start":{"line":97,"column":79},"end":{"line":97,"column":88}}]},"15":{"loc":{"start":{"line":99,"column":4},"end":{"line":115,"column":5}},"type":"if","locations":[{"start":{"line":99,"column":4},"end":{"line":115,"column":5}},{"start":{"line":109,"column":11},"end":{"line":115,"column":5}}]},"16":{"loc":{"start":{"line":100,"column":21},"end":{"line":100,"column":100}},"type":"binary-expr","locations":[{"start":{"line":100,"column":21},"end":{"line":100,"column":82}},{"start":{"line":100,"column":86},"end":{"line":100,"column":100}}]},"17":{"loc":{"start":{"line":100,"column":21},"end":{"line":100,"column":82}},"type":"cond-expr","locations":[{"start":{"line":100,"column":76},"end":{"line":100,"column":78}},{"start":{"line":100,"column":76},"end":{"line":100,"column":82}}]},"18":{"loc":{"start":{"line":100,"column":21},"end":{"line":100,"column":78}},"type":"binary-expr","locations":[{"start":{"line":100,"column":21},"end":{"line":100,"column":78}},{"start":{"line":100,"column":76},"end":{"line":100,"column":78}}]}},"s":{"0":2,"1":20,"2":20,"3":17,"4":17,"5":17,"6":16,"7":17,"8":19,"9":17,"10":4,"11":13,"12":13,"13":2,"14":11,"15":11,"16":4,"17":3,"18":4,"19":2,"20":2,"21":4,"22":3,"23":4,"24":2,"25":2,"26":2,"27":1,"28":2,"29":1,"30":1,"31":2,"32":1,"33":1,"34":1,"35":2,"36":6,"37":6,"38":6,"39":3,"40":3,"41":3,"42":3,"43":3,"44":1,"45":1,"46":1,"47":1,"48":2,"49":2},"f":{"0":20,"1":17,"2":17,"3":17,"4":16,"5":19,"6":4,"7":3,"8":4,"9":3,"10":2,"11":1,"12":2,"13":1,"14":2,"15":6,"16":6,"17":1},"b":{"0":[4],"1":[17,16,15,14],"2":[7,6],"3":[2],"4":[13,11],"5":[6,5],"6":[11,11],"7":[2],"8":[4,3],"9":[2],"10":[4,3],"11":[1],"12":[3],"13":[6,5],"14":[1,2],"15":[1,2],"16":[1,0],"17":[0,1],"18":[1,1]}}
}
