{"C:\\Luis Fernando\\PROGRAMAÇÃO\\Faculdade\\FaculTesteSoftware\\modules\\Auction.ts": {"path":"C:\\Luis Fernando\\PROGRAMAÇÃO\\Faculdade\\FaculTesteSoftware\\modules\\Auction.ts","statementMap":{"0":{"start":{"line":27,"column":4},"end":{"line":27,"column":17}},"1":{"start":{"line":28,"column":4},"end":{"line":28,"column":23}},"2":{"start":{"line":29,"column":4},"end":{"line":29,"column":25}},"3":{"start":{"line":30,"column":4},"end":{"line":30,"column":41}},"4":{"start":{"line":31,"column":4},"end":{"line":31,"column":33}},"5":{"start":{"line":32,"column":4},"end":{"line":32,"column":19}},"6":{"start":{"line":36,"column":4},"end":{"line":43,"column":6}},"7":{"start":{"line":47,"column":4},"end":{"line":49,"column":5}},"8":{"start":{"line":48,"column":6},"end":{"line":48,"column":18}},"9":{"start":{"line":50,"column":4},"end":{"line":52,"column":6}},"10":{"start":{"line":51,"column":6},"end":{"line":51,"column":49}},"11":{"start":{"line":12,"column":0},"end":{"line":12,"column":13}}},"fnMap":{"0":{"name":"(anonymous_0)","decl":{"start":{"line":20,"column":2},"end":{"line":20,"column":null}},"loc":{"start":{"line":25,"column":22},"end":{"line":33,"column":3}}},"1":{"name":"(anonymous_1)","decl":{"start":{"line":35,"column":9},"end":{"line":35,"column":24}},"loc":{"start":{"line":35,"column":24},"end":{"line":44,"column":3}}},"2":{"name":"(anonymous_2)","decl":{"start":{"line":46,"column":9},"end":{"line":46,"column":22}},"loc":{"start":{"line":46,"column":22},"end":{"line":53,"column":3}}},"3":{"name":"(anonymous_3)","decl":{"start":{"line":50,"column":28},"end":{"line":50,"column":29}},"loc":{"start":{"line":51,"column":6},"end":{"line":51,"column":49}}}},"branchMap":{"0":{"loc":{"start":{"line":47,"column":4},"end":{"line":49,"column":5}},"type":"if","locations":[{"start":{"line":47,"column":4},"end":{"line":49,"column":5}}]},"1":{"loc":{"start":{"line":51,"column":6},"end":{"line":51,"column":49}},"type":"cond-expr","locations":[{"start":{"line":51,"column":35},"end":{"line":51,"column":39}},{"start":{"line":51,"column":42},"end":{"line":51,"column":49}}]}},"s":{"0":11,"1":11,"2":11,"3":11,"4":11,"5":11,"6":2,"7":2,"8":0,"9":2,"10":1,"11":1},"f":{"0":11,"1":2,"2":2,"3":1},"b":{"0":[0],"1":[0,1]}}
,"C:\\Luis Fernando\\PROGRAMAÇÃO\\Faculdade\\FaculTesteSoftware\\modules\\AuctionStatus.ts": {"path":"C:\\Luis Fernando\\PROGRAMAÇÃO\\Faculdade\\FaculTesteSoftware\\modules\\AuctionStatus.ts","statementMap":{"0":{"start":{"line":1,"column":0},"end":{"line":1,"column":null}},"1":{"start":{"line":2,"column":4},"end":{"line":2,"column":null}},"2":{"start":{"line":3,"column":4},"end":{"line":3,"column":null}},"3":{"start":{"line":4,"column":4},"end":{"line":4,"column":null}},"4":{"start":{"line":5,"column":4},"end":{"line":5,"column":null}}},"fnMap":{"0":{"name":"(anonymous_0)","decl":{"start":{"line":1,"column":0},"end":{"line":1,"column":12}},"loc":{"start":{"line":1,"column":25},"end":{"line":6,"column":1}}}},"branchMap":{"0":{"loc":{"start":{"line":1,"column":12},"end":{"line":1,"column":null}},"type":"binary-expr","locations":[{"start":{"line":1,"column":12},"end":{"line":1,"column":25}},{"start":{"line":1,"column":25},"end":{"line":1,"column":null}}]}},"s":{"0":1,"1":1,"2":1,"3":1,"4":1},"f":{"0":1},"b":{"0":[1,1]}}
,"C:\\Luis Fernando\\PROGRAMAÇÃO\\Faculdade\\FaculTesteSoftware\\modules\\Users.ts": {"path":"C:\\Luis Fernando\\PROGRAMAÇÃO\\Faculdade\\FaculTesteSoftware\\modules\\Users.ts","statementMap":{"0":{"start":{"line":6,"column":8},"end":{"line":6,"column":21}},"1":{"start":{"line":7,"column":8},"end":{"line":7,"column":25}},"2":{"start":{"line":1,"column":0},"end":{"line":1,"column":13}}},"fnMap":{"0":{"name":"(anonymous_0)","decl":{"start":{"line":5,"column":4},"end":{"line":5,"column":16}},"loc":{"start":{"line":5,"column":40},"end":{"line":9,"column":5}}}},"branchMap":{},"s":{"0":12,"1":12,"2":1},"f":{"0":12},"b":{}}
,"C:\\Luis Fernando\\PROGRAMAÇÃO\\Faculdade\\FaculTesteSoftware\\services\\AuctionService.ts": {"path":"C:\\Luis Fernando\\PROGRAMAÇÃO\\Faculdade\\FaculTesteSoftware\\services\\AuctionService.ts","statementMap":{"0":{"start":{"line":2,"column":0},"end":{"line":2,"column":57}},"1":{"start":{"line":10,"column":4},"end":{"line":10,"column":23}},"2":{"start":{"line":11,"column":4},"end":{"line":11,"column":20}},"3":{"start":{"line":16,"column":4},"end":{"line":16,"column":26}},"4":{"start":{"line":21,"column":4},"end":{"line":21,"column":32}},"5":{"start":{"line":26,"column":20},"end":{"line":26,"column":77}},"6":{"start":{"line":26,"column":52},"end":{"line":26,"column":76}},"7":{"start":{"line":27,"column":19},"end":{"line":27,"column":66}},"8":{"start":{"line":27,"column":45},"end":{"line":27,"column":65}},"9":{"start":{"line":29,"column":4},"end":{"line":36,"column":5}},"10":{"start":{"line":35,"column":6},"end":{"line":35,"column":19}},"11":{"start":{"line":39,"column":6},"end":{"line":41,"column":28}},"12":{"start":{"line":42,"column":4},"end":{"line":42,"column":25}},"13":{"start":{"line":44,"column":4},"end":{"line":46,"column":5}},"14":{"start":{"line":45,"column":6},"end":{"line":45,"column":19}},"15":{"start":{"line":48,"column":4},"end":{"line":48,"column":43}},"16":{"start":{"line":49,"column":4},"end":{"line":49,"column":16}},"17":{"start":{"line":54,"column":20},"end":{"line":54,"column":77}},"18":{"start":{"line":54,"column":52},"end":{"line":54,"column":76}},"19":{"start":{"line":55,"column":4},"end":{"line":57,"column":5}},"20":{"start":{"line":56,"column":6},"end":{"line":56,"column":18}},"21":{"start":{"line":58,"column":4},"end":{"line":58,"column":35}},"22":{"start":{"line":63,"column":20},"end":{"line":63,"column":77}},"23":{"start":{"line":63,"column":52},"end":{"line":63,"column":76}},"24":{"start":{"line":64,"column":4},"end":{"line":66,"column":5}},"25":{"start":{"line":65,"column":6},"end":{"line":65,"column":18}},"26":{"start":{"line":67,"column":4},"end":{"line":69,"column":6}},"27":{"start":{"line":68,"column":6},"end":{"line":68,"column":49}},"28":{"start":{"line":74,"column":20},"end":{"line":74,"column":77}},"29":{"start":{"line":74,"column":52},"end":{"line":74,"column":76}},"30":{"start":{"line":75,"column":4},"end":{"line":75,"column":25}},"31":{"start":{"line":77,"column":4},"end":{"line":79,"column":5}},"32":{"start":{"line":78,"column":6},"end":{"line":78,"column":18}},"33":{"start":{"line":80,"column":4},"end":{"line":80,"column":58}},"34":{"start":{"line":80,"column":39},"end":{"line":80,"column":56}},"35":{"start":{"line":84,"column":4},"end":{"line":84,"column":69}},"36":{"start":{"line":84,"column":42},"end":{"line":84,"column":67}},"37":{"start":{"line":5,"column":0},"end":{"line":5,"column":13}}},"fnMap":{"0":{"name":"(anonymous_0)","decl":{"start":{"line":9,"column":2},"end":{"line":9,"column":null}},"loc":{"start":{"line":9,"column":2},"end":{"line":12,"column":3}}},"1":{"name":"(anonymous_1)","decl":{"start":{"line":15,"column":9},"end":{"line":15,"column":16}},"loc":{"start":{"line":15,"column":27},"end":{"line":17,"column":3}}},"2":{"name":"(anonymous_2)","decl":{"start":{"line":20,"column":9},"end":{"line":20,"column":19}},"loc":{"start":{"line":20,"column":36},"end":{"line":22,"column":3}}},"3":{"name":"(anonymous_3)","decl":{"start":{"line":25,"column":9},"end":{"line":25,"column":17}},"loc":{"start":{"line":25,"column":68},"end":{"line":50,"column":3}}},"4":{"name":"(anonymous_4)","decl":{"start":{"line":26,"column":39},"end":{"line":26,"column":40}},"loc":{"start":{"line":26,"column":52},"end":{"line":26,"column":76}}},"5":{"name":"(anonymous_5)","decl":{"start":{"line":27,"column":35},"end":{"line":27,"column":36}},"loc":{"start":{"line":27,"column":45},"end":{"line":27,"column":65}}},"6":{"name":"(anonymous_6)","decl":{"start":{"line":53,"column":9},"end":{"line":53,"column":32}},"loc":{"start":{"line":53,"column":50},"end":{"line":59,"column":3}}},"7":{"name":"(anonymous_7)","decl":{"start":{"line":54,"column":39},"end":{"line":54,"column":40}},"loc":{"start":{"line":54,"column":52},"end":{"line":54,"column":76}}},"8":{"name":"(anonymous_8)","decl":{"start":{"line":62,"column":9},"end":{"line":62,"column":31}},"loc":{"start":{"line":62,"column":49},"end":{"line":70,"column":3}}},"9":{"name":"(anonymous_9)","decl":{"start":{"line":63,"column":39},"end":{"line":63,"column":40}},"loc":{"start":{"line":63,"column":52},"end":{"line":63,"column":76}}},"10":{"name":"(anonymous_10)","decl":{"start":{"line":67,"column":31},"end":{"line":67,"column":32}},"loc":{"start":{"line":68,"column":6},"end":{"line":68,"column":49}}},"11":{"name":"(anonymous_11)","decl":{"start":{"line":73,"column":9},"end":{"line":73,"column":26}},"loc":{"start":{"line":73,"column":44},"end":{"line":81,"column":3}}},"12":{"name":"(anonymous_12)","decl":{"start":{"line":74,"column":39},"end":{"line":74,"column":40}},"loc":{"start":{"line":74,"column":52},"end":{"line":74,"column":76}}},"13":{"name":"(anonymous_13)","decl":{"start":{"line":80,"column":29},"end":{"line":80,"column":30}},"loc":{"start":{"line":80,"column":39},"end":{"line":80,"column":56}}},"14":{"name":"(anonymous_14)","decl":{"start":{"line":83,"column":9},"end":{"line":83,"column":23}},"loc":{"start":{"line":83,"column":23},"end":{"line":85,"column":3}}},"15":{"name":"(anonymous_15)","decl":{"start":{"line":84,"column":29},"end":{"line":84,"column":30}},"loc":{"start":{"line":84,"column":42},"end":{"line":84,"column":67}}}},"branchMap":{"0":{"loc":{"start":{"line":29,"column":4},"end":{"line":36,"column":5}},"type":"if","locations":[{"start":{"line":29,"column":4},"end":{"line":36,"column":5}}]},"1":{"loc":{"start":{"line":30,"column":6},"end":{"line":33,"column":32}},"type":"binary-expr","locations":[{"start":{"line":30,"column":6},"end":{"line":30,"column":14}},{"start":{"line":31,"column":6},"end":{"line":31,"column":13}},{"start":{"line":32,"column":6},"end":{"line":32,"column":45}},{"start":{"line":33,"column":6},"end":{"line":33,"column":32}}]},"2":{"loc":{"start":{"line":39,"column":6},"end":{"line":41,"column":28}},"type":"cond-expr","locations":[{"start":{"line":40,"column":10},"end":{"line":40,"column":53}},{"start":{"line":41,"column":10},"end":{"line":41,"column":28}}]},"3":{"loc":{"start":{"line":44,"column":4},"end":{"line":46,"column":5}},"type":"if","locations":[{"start":{"line":44,"column":4},"end":{"line":46,"column":5}}]},"4":{"loc":{"start":{"line":44,"column":8},"end":{"line":44,"column":70}},"type":"binary-expr","locations":[{"start":{"line":44,"column":8},"end":{"line":44,"column":24}},{"start":{"line":44,"column":28},"end":{"line":44,"column":70}}]},"5":{"loc":{"start":{"line":44,"column":28},"end":{"line":44,"column":57}},"type":"cond-expr","locations":[{"start":{"line":44,"column":47},"end":{"line":44,"column":49}},{"start":{"line":44,"column":47},"end":{"line":44,"column":57}}]},"6":{"loc":{"start":{"line":44,"column":28},"end":{"line":44,"column":49}},"type":"binary-expr","locations":[{"start":{"line":44,"column":28},"end":{"line":44,"column":49}},{"start":{"line":44,"column":47},"end":{"line":44,"column":49}}]},"7":{"loc":{"start":{"line":55,"column":4},"end":{"line":57,"column":5}},"type":"if","locations":[{"start":{"line":55,"column":4},"end":{"line":57,"column":5}}]},"8":{"loc":{"start":{"line":55,"column":8},"end":{"line":55,"column":45}},"type":"binary-expr","locations":[{"start":{"line":55,"column":8},"end":{"line":55,"column":16}},{"start":{"line":55,"column":20},"end":{"line":55,"column":45}}]},"9":{"loc":{"start":{"line":64,"column":4},"end":{"line":66,"column":5}},"type":"if","locations":[{"start":{"line":64,"column":4},"end":{"line":66,"column":5}}]},"10":{"loc":{"start":{"line":64,"column":8},"end":{"line":64,"column":45}},"type":"binary-expr","locations":[{"start":{"line":64,"column":8},"end":{"line":64,"column":16}},{"start":{"line":64,"column":20},"end":{"line":64,"column":45}}]},"11":{"loc":{"start":{"line":68,"column":6},"end":{"line":68,"column":49}},"type":"cond-expr","locations":[{"start":{"line":68,"column":35},"end":{"line":68,"column":39}},{"start":{"line":68,"column":42},"end":{"line":68,"column":49}}]},"12":{"loc":{"start":{"line":77,"column":4},"end":{"line":79,"column":5}},"type":"if","locations":[{"start":{"line":77,"column":4},"end":{"line":79,"column":5}}]}},"s":{"0":1,"1":12,"2":12,"3":12,"4":11,"5":14,"6":13,"7":14,"8":15,"9":14,"10":4,"11":10,"12":10,"13":10,"14":2,"15":8,"16":8,"17":4,"18":3,"19":4,"20":2,"21":2,"22":1,"23":1,"24":1,"25":0,"26":1,"27":0,"28":1,"29":1,"30":1,"31":1,"32":0,"33":1,"34":2,"35":1,"36":2,"37":1},"f":{"0":12,"1":12,"2":11,"3":14,"4":13,"5":15,"6":4,"7":3,"8":1,"9":1,"10":0,"11":1,"12":1,"13":2,"14":1,"15":2},"b":{"0":[4],"1":[14,13,12,11],"2":[5,5],"3":[2],"4":[10,8],"5":[5,3],"6":[8,8],"7":[2],"8":[4,3],"9":[0],"10":[1,1],"11":[0,0],"12":[0]}}
}
