TN:
SF:modules\Auction.ts
FN:11,(anonymous_0)
FN:20,(anonymous_1)
FN:24,(anonymous_2)
FNF:3
FNH:2
FNDA:3,(anonymous_0)
FNDA:1,(anonymous_1)
FNDA:0,(anonymous_2)
DA:3,1
DA:12,3
DA:13,3
DA:14,3
DA:15,3
DA:16,3
DA:17,3
DA:21,1
DA:22,0
DA:24,1
LF:10
LH:9
BRDA:21,0,0,0
BRDA:24,1,0,0
BRDA:24,1,1,0
BRF:3
BRH:0
end_of_record
TN:
SF:modules\AuctionStatus.ts
FN:1,(anonymous_0)
FNF:1
FNH:1
FNDA:1,(anonymous_0)
DA:1,1
DA:2,1
DA:3,1
DA:4,1
DA:5,1
LF:5
LH:5
BRDA:1,0,0,1
BRDA:1,0,1,1
BRF:2
BRH:2
end_of_record
TN:
SF:modules\Users.ts
FN:5,(anonymous_0)
FNF:1
FNH:1
FNDA:4,(anonymous_0)
DA:1,1
DA:6,4
DA:7,4
LF:3
LH:3
BRF:0
BRH:0
end_of_record
TN:
SF:services\AuctionService.ts
FN:9,(anonymous_0)
FN:15,(anonymous_1)
FN:20,(anonymous_2)
FN:25,(anonymous_3)
FN:26,(anonymous_4)
FN:27,(anonymous_5)
FN:45,(anonymous_6)
FN:46,(anonymous_7)
FN:54,(anonymous_8)
FN:55,(anonymous_9)
FN:59,(anonymous_10)
FN:63,(anonymous_11)
FN:64,(anonymous_12)
FN:70,(anonymous_13)
FNF:14
FNH:13
FNDA:3,(anonymous_0)
FNDA:4,(anonymous_1)
FNDA:3,(anonymous_2)
FNDA:5,(anonymous_3)
FNDA:5,(anonymous_4)
FNDA:6,(anonymous_5)
FNDA:1,(anonymous_6)
FNDA:1,(anonymous_7)
FNDA:1,(anonymous_8)
FNDA:1,(anonymous_9)
FNDA:0,(anonymous_10)
FNDA:1,(anonymous_11)
FNDA:1,(anonymous_12)
FNDA:2,(anonymous_13)
DA:2,1
DA:5,1
DA:10,3
DA:11,3
DA:16,4
DA:21,3
DA:26,5
DA:27,6
DA:29,5
DA:30,0
DA:33,5
DA:34,5
DA:36,5
DA:37,0
DA:40,5
DA:41,5
DA:46,1
DA:47,1
DA:48,0
DA:50,1
DA:55,1
DA:56,1
DA:57,0
DA:59,1
DA:64,1
DA:65,1
DA:67,1
DA:68,0
DA:70,2
LF:29
LH:24
BRDA:29,0,0,0
BRDA:29,1,0,5
BRDA:29,1,1,5
BRDA:29,1,2,5
BRDA:29,1,3,5
BRDA:33,2,0,2
BRDA:33,2,1,3
BRDA:36,3,0,0
BRDA:36,4,0,5
BRDA:36,4,1,5
BRDA:36,5,0,3
BRDA:36,5,1,2
BRDA:36,6,0,5
BRDA:36,6,1,5
BRDA:47,7,0,0
BRDA:47,8,0,1
BRDA:47,8,1,1
BRDA:56,9,0,0
BRDA:56,10,0,1
BRDA:56,10,1,1
BRDA:59,11,0,0
BRDA:59,11,1,0
BRDA:67,12,0,0
BRF:23
BRH:16
end_of_record
