TN:
SF:modules\Auction.ts
FN:20,(anonymous_0)
FN:35,(anonymous_1)
FN:46,(anonymous_2)
FN:50,(anonymous_3)
FNF:4
FNH:4
FNDA:11,(anonymous_0)
FNDA:2,(anonymous_1)
FNDA:2,(anonymous_2)
FNDA:1,(anonymous_3)
DA:12,1
DA:27,11
DA:28,11
DA:29,11
DA:30,11
DA:31,11
DA:32,11
DA:36,2
DA:47,2
DA:48,0
DA:50,2
DA:51,1
LF:12
LH:11
BRDA:47,0,0,0
BRDA:51,1,0,0
BRDA:51,1,1,1
BRF:3
BRH:1
end_of_record
TN:
SF:modules\AuctionStatus.ts
FN:1,(anonymous_0)
FNF:1
FNH:1
FNDA:1,(anonymous_0)
DA:1,1
DA:2,1
DA:3,1
DA:4,1
DA:5,1
LF:5
LH:5
BRDA:1,0,0,1
BRDA:1,0,1,1
BRF:2
BRH:2
end_of_record
TN:
SF:modules\Users.ts
FN:5,(anonymous_0)
FNF:1
FNH:1
FNDA:12,(anonymous_0)
DA:1,1
DA:6,12
DA:7,12
LF:3
LH:3
BRF:0
BRH:0
end_of_record
TN:
SF:services\AuctionService.ts
FN:9,(anonymous_0)
FN:15,(anonymous_1)
FN:20,(anonymous_2)
FN:25,(anonymous_3)
FN:26,(anonymous_4)
FN:27,(anonymous_5)
FN:53,(anonymous_6)
FN:54,(anonymous_7)
FN:62,(anonymous_8)
FN:63,(anonymous_9)
FN:67,(anonymous_10)
FN:73,(anonymous_11)
FN:74,(anonymous_12)
FN:80,(anonymous_13)
FN:83,(anonymous_14)
FN:84,(anonymous_15)
FNF:16
FNH:15
FNDA:12,(anonymous_0)
FNDA:12,(anonymous_1)
FNDA:11,(anonymous_2)
FNDA:14,(anonymous_3)
FNDA:13,(anonymous_4)
FNDA:15,(anonymous_5)
FNDA:4,(anonymous_6)
FNDA:3,(anonymous_7)
FNDA:1,(anonymous_8)
FNDA:1,(anonymous_9)
FNDA:0,(anonymous_10)
FNDA:1,(anonymous_11)
FNDA:1,(anonymous_12)
FNDA:2,(anonymous_13)
FNDA:1,(anonymous_14)
FNDA:2,(anonymous_15)
DA:2,1
DA:5,1
DA:10,12
DA:11,12
DA:16,12
DA:21,11
DA:26,14
DA:27,15
DA:29,14
DA:35,4
DA:39,10
DA:42,10
DA:44,10
DA:45,2
DA:48,8
DA:49,8
DA:54,4
DA:55,4
DA:56,2
DA:58,2
DA:63,1
DA:64,1
DA:65,0
DA:67,1
DA:68,0
DA:74,1
DA:75,1
DA:77,1
DA:78,0
DA:80,2
DA:84,2
LF:31
LH:28
BRDA:29,0,0,4
BRDA:30,1,0,14
BRDA:30,1,1,13
BRDA:30,1,2,12
BRDA:30,1,3,11
BRDA:39,2,0,5
BRDA:39,2,1,5
BRDA:44,3,0,2
BRDA:44,4,0,10
BRDA:44,4,1,8
BRDA:44,5,0,5
BRDA:44,5,1,3
BRDA:44,6,0,8
BRDA:44,6,1,8
BRDA:55,7,0,2
BRDA:55,8,0,4
BRDA:55,8,1,3
BRDA:64,9,0,0
BRDA:64,10,0,1
BRDA:64,10,1,1
BRDA:68,11,0,0
BRDA:68,11,1,0
BRDA:77,12,0,0
BRF:23
BRH:19
end_of_record
